  [1m[35m (2.3ms)[0m  [1m[34mSELECT sqlite_version(*)[0m
  [1m[35m (1.1ms)[0m  [1m[35mCREATE TABLE "schema_migrations" ("version" varchar NOT NULL PRIMARY KEY)[0m
  [1m[35m (0.9ms)[0m  [1m[35mCREATE TABLE "ar_internal_metadata" ("key" varchar NOT NULL PRIMARY KEY, "value" varchar, "created_at" datetime(6) NOT NULL, "updated_at" datetime(6) NOT NULL)[0m
  [1m[35m (0.1ms)[0m  [1m[34mSELECT "schema_migrations"."version" FROM "schema_migrations" ORDER BY "schema_migrations"."version" ASC[0m
Migrating to CreateCardSets (20200210181707)
  [1m[35m (0.0ms)[0m  [1m[36mbegin transaction[0m
  [1m[35m (0.4ms)[0m  [1m[35mCREATE TABLE "card_sets" ("id" integer PRIMARY KEY AUTOINCREMENT NOT NULL, "theme" varchar, "created_at" datetime(6) NOT NULL, "updated_at" datetime(6) NOT NULL)[0m
  [1m[36mprimary::SchemaMigration Create (0.2ms)[0m  [1m[32mINSERT INTO "schema_migrations" ("version") VALUES (?)[0m  [["version", "20200210181707"]]
  [1m[35m (0.7ms)[0m  [1m[36mcommit transaction[0m
Migrating to CreateGames (20200210181832)
  [1m[35m (0.1ms)[0m  [1m[36mbegin transaction[0m
  [1m[35m (0.5ms)[0m  [1m[35mCREATE TABLE "games" ("id" integer PRIMARY KEY AUTOINCREMENT NOT NULL, "username" varchar, "score" integer, "card_set_id" integer, "created_at" datetime(6) NOT NULL, "updated_at" datetime(6) NOT NULL)[0m
  [1m[36mprimary::SchemaMigration Create (0.1ms)[0m  [1m[32mINSERT INTO "schema_migrations" ("version") VALUES (?)[0m  [["version", "20200210181832"]]
  [1m[35m (0.9ms)[0m  [1m[36mcommit transaction[0m
Migrating to CreateCards (20200210182057)
  [1m[35m (0.1ms)[0m  [1m[36mbegin transaction[0m
  [1m[35m (0.3ms)[0m  [1m[35mCREATE TABLE "cards" ("id" integer PRIMARY KEY AUTOINCREMENT NOT NULL, "imageUrl" varchar, "card_set_id" integer, "created_at" datetime(6) NOT NULL, "updated_at" datetime(6) NOT NULL)[0m
  [1m[36mprimary::SchemaMigration Create (0.2ms)[0m  [1m[32mINSERT INTO "schema_migrations" ("version") VALUES (?)[0m  [["version", "20200210182057"]]
  [1m[35m (0.7ms)[0m  [1m[36mcommit transaction[0m
  [1m[36mActiveRecord::InternalMetadata Load (0.2ms)[0m  [1m[34mSELECT "ar_internal_metadata".* FROM "ar_internal_metadata" WHERE "ar_internal_metadata"."key" = ? LIMIT ?[0m  [["key", "environment"], ["LIMIT", 1]]
  [1m[35m (0.1ms)[0m  [1m[36mbegin transaction[0m
  [1m[36mActiveRecord::InternalMetadata Create (0.3ms)[0m  [1m[32mINSERT INTO "ar_internal_metadata" ("key", "value", "created_at", "updated_at") VALUES (?, ?, ?, ?)[0m  [["key", "environment"], ["value", "development"], ["created_at", "2020-02-10 18:24:52.319739"], ["updated_at", "2020-02-10 18:24:52.319739"]]
  [1m[35m (0.5ms)[0m  [1m[36mcommit transaction[0m
  [1m[35m (0.0ms)[0m  [1m[34mSELECT sqlite_version(*)[0m
  [1m[35m (0.1ms)[0m  [1m[34mSELECT "schema_migrations"."version" FROM "schema_migrations" ORDER BY "schema_migrations"."version" ASC[0m
  [1m[35m (0.6ms)[0m  [1m[34mSELECT sqlite_version(*)[0m
  [1m[35m (0.1ms)[0m  [1m[34mSELECT "schema_migrations"."version" FROM "schema_migrations" ORDER BY "schema_migrations"."version" ASC[0m
  [1m[35m (0.6ms)[0m  [1m[34mSELECT sqlite_version(*)[0m
  [1m[35m (0.1ms)[0m  [1m[34mSELECT "schema_migrations"."version" FROM "schema_migrations" ORDER BY "schema_migrations"."version" ASC[0m
  [1m[35m (0.1ms)[0m  [1m[34mSELECT "schema_migrations"."version" FROM "schema_migrations" ORDER BY "schema_migrations"."version" ASC[0m
  [1m[35m (0.1ms)[0m  [1m[34mSELECT "schema_migrations"."version" FROM "schema_migrations" ORDER BY "schema_migrations"."version" ASC[0m
  [1m[35m (0.1ms)[0m  [1m[34mSELECT "schema_migrations"."version" FROM "schema_migrations" ORDER BY "schema_migrations"."version" ASC[0m
Migrating to CreateCards (20200210182057)
  [1m[35m (0.1ms)[0m  [1m[36mbegin transaction[0m
  [1m[35m (0.6ms)[0m  [1m[35mDROP TABLE "cards"[0m
  [1m[36mprimary::SchemaMigration Destroy (0.1ms)[0m  [1m[31mDELETE FROM "schema_migrations" WHERE "schema_migrations"."version" = ?[0m  [["version", "20200210182057"]]
  [1m[35m (0.6ms)[0m  [1m[36mcommit transaction[0m
  [1m[35m (0.1ms)[0m  [1m[34mSELECT sqlite_version(*)[0m
  [1m[35m (0.1ms)[0m  [1m[34mSELECT "schema_migrations"."version" FROM "schema_migrations" ORDER BY "schema_migrations"."version" ASC[0m
  [1m[35m (0.3ms)[0m  [1m[34mSELECT sqlite_version(*)[0m
  [1m[35m (0.1ms)[0m  [1m[34mSELECT "schema_migrations"."version" FROM "schema_migrations" ORDER BY "schema_migrations"."version" ASC[0m
  [1m[35m (0.3ms)[0m  [1m[34mSELECT sqlite_version(*)[0m
  [1m[35m (0.1ms)[0m  [1m[34mSELECT "schema_migrations"."version" FROM "schema_migrations" ORDER BY "schema_migrations"."version" ASC[0m
  [1m[35m (0.1ms)[0m  [1m[34mSELECT "schema_migrations"."version" FROM "schema_migrations" ORDER BY "schema_migrations"."version" ASC[0m
  [1m[35m (0.0ms)[0m  [1m[34mSELECT "schema_migrations"."version" FROM "schema_migrations" ORDER BY "schema_migrations"."version" ASC[0m
  [1m[35m (0.0ms)[0m  [1m[34mSELECT "schema_migrations"."version" FROM "schema_migrations" ORDER BY "schema_migrations"."version" ASC[0m
Migrating to CreateGames (20200210181832)
  [1m[35m (0.0ms)[0m  [1m[36mbegin transaction[0m
  [1m[35m (0.4ms)[0m  [1m[35mDROP TABLE "games"[0m
  [1m[36mprimary::SchemaMigration Destroy (0.1ms)[0m  [1m[31mDELETE FROM "schema_migrations" WHERE "schema_migrations"."version" = ?[0m  [["version", "20200210181832"]]
  [1m[35m (0.6ms)[0m  [1m[36mcommit transaction[0m
  [1m[35m (0.0ms)[0m  [1m[34mSELECT sqlite_version(*)[0m
  [1m[35m (0.1ms)[0m  [1m[34mSELECT "schema_migrations"."version" FROM "schema_migrations" ORDER BY "schema_migrations"."version" ASC[0m
  [1m[35m (0.3ms)[0m  [1m[34mSELECT sqlite_version(*)[0m
  [1m[35m (0.1ms)[0m  [1m[34mSELECT "schema_migrations"."version" FROM "schema_migrations" ORDER BY "schema_migrations"."version" ASC[0m
  [1m[35m (0.1ms)[0m  [1m[34mSELECT "schema_migrations"."version" FROM "schema_migrations" ORDER BY "schema_migrations"."version" ASC[0m
  [1m[35m (0.0ms)[0m  [1m[34mSELECT "schema_migrations"."version" FROM "schema_migrations" ORDER BY "schema_migrations"."version" ASC[0m
  [1m[35m (0.0ms)[0m  [1m[34mSELECT "schema_migrations"."version" FROM "schema_migrations" ORDER BY "schema_migrations"."version" ASC[0m
Migrating to CreateCardSets (20200210181707)
  [1m[35m (0.1ms)[0m  [1m[36mbegin transaction[0m
  [1m[35m (0.4ms)[0m  [1m[35mDROP TABLE "card_sets"[0m
  [1m[36mprimary::SchemaMigration Destroy (0.1ms)[0m  [1m[31mDELETE FROM "schema_migrations" WHERE "schema_migrations"."version" = ?[0m  [["version", "20200210181707"]]
  [1m[35m (0.6ms)[0m  [1m[36mcommit transaction[0m
  [1m[35m (0.0ms)[0m  [1m[34mSELECT sqlite_version(*)[0m
  [1m[35m (0.1ms)[0m  [1m[34mSELECT "schema_migrations"."version" FROM "schema_migrations" ORDER BY "schema_migrations"."version" ASC[0m
  [1m[35m (0.3ms)[0m  [1m[34mSELECT sqlite_version(*)[0m
  [1m[35m (0.1ms)[0m  [1m[34mSELECT "schema_migrations"."version" FROM "schema_migrations" ORDER BY "schema_migrations"."version" ASC[0m
  [1m[35m (0.3ms)[0m  [1m[34mSELECT sqlite_version(*)[0m
  [1m[35m (0.1ms)[0m  [1m[34mSELECT "schema_migrations"."version" FROM "schema_migrations" ORDER BY "schema_migrations"."version" ASC[0m
Migrating to CreateCardSets (20200210181707)
  [1m[35m (0.0ms)[0m  [1m[36mbegin transaction[0m
  [1m[35m (0.4ms)[0m  [1m[35mCREATE TABLE "card_sets" ("id" integer PRIMARY KEY AUTOINCREMENT NOT NULL, "theme" varchar, "created_at" datetime(6) NOT NULL, "updated_at" datetime(6) NOT NULL)[0m
  [1m[36mprimary::SchemaMigration Create (0.1ms)[0m  [1m[32mINSERT INTO "schema_migrations" ("version") VALUES (?)[0m  [["version", "20200210181707"]]
  [1m[35m (0.8ms)[0m  [1m[36mcommit transaction[0m
Migrating to CreateGames (20200210181832)
  [1m[35m (0.0ms)[0m  [1m[36mbegin transaction[0m
  [1m[35m (0.3ms)[0m  [1m[35mCREATE TABLE "games" ("id" integer PRIMARY KEY AUTOINCREMENT NOT NULL, "username" varchar, "score" integer, "card_set_id" integer, "created_at" datetime(6) NOT NULL, "updated_at" datetime(6) NOT NULL)[0m
  [1m[36mprimary::SchemaMigration Create (0.1ms)[0m  [1m[32mINSERT INTO "schema_migrations" ("version") VALUES (?)[0m  [["version", "20200210181832"]]
  [1m[35m (0.6ms)[0m  [1m[36mcommit transaction[0m
Migrating to CreateCards (20200210182057)
  [1m[35m (0.0ms)[0m  [1m[36mbegin transaction[0m
  [1m[35m (0.4ms)[0m  [1m[35mCREATE TABLE "cards" ("id" integer PRIMARY KEY AUTOINCREMENT NOT NULL, "imageUrl" varchar, "card_set_id" integer, "created_at" datetime(6) NOT NULL, "updated_at" datetime(6) NOT NULL)[0m
  [1m[36mprimary::SchemaMigration Create (0.1ms)[0m  [1m[32mINSERT INTO "schema_migrations" ("version") VALUES (?)[0m  [["version", "20200210182057"]]
  [1m[35m (0.5ms)[0m  [1m[36mcommit transaction[0m
  [1m[36mActiveRecord::InternalMetadata Load (0.1ms)[0m  [1m[34mSELECT "ar_internal_metadata".* FROM "ar_internal_metadata" WHERE "ar_internal_metadata"."key" = ? LIMIT ?[0m  [["key", "environment"], ["LIMIT", 1]]
  [1m[35m (0.0ms)[0m  [1m[34mSELECT sqlite_version(*)[0m
  [1m[35m (0.1ms)[0m  [1m[34mSELECT "schema_migrations"."version" FROM "schema_migrations" ORDER BY "schema_migrations"."version" ASC[0m
  [1m[35m (0.3ms)[0m  [1m[34mSELECT sqlite_version(*)[0m
  [1m[35m (0.1ms)[0m  [1m[34mSELECT "schema_migrations"."version" FROM "schema_migrations" ORDER BY "schema_migrations"."version" ASC[0m
  [1m[35m (0.7ms)[0m  [1m[34mSELECT sqlite_version(*)[0m
  [1m[35m (0.4ms)[0m  [1m[34mSELECT "schema_migrations"."version" FROM "schema_migrations" ORDER BY "schema_migrations"."version" ASC[0m
  [1m[35m (0.4ms)[0m  [1m[34mSELECT sqlite_version(*)[0m
  [1m[35m (0.1ms)[0m  [1m[34mSELECT "schema_migrations"."version" FROM "schema_migrations" ORDER BY "schema_migrations"."version" ASC[0m
  [1m[35m (0.0ms)[0m  [1m[34mSELECT sqlite_version(*)[0m
  [1m[36mCardSet Load (0.3ms)[0m  [1m[34mSELECT "card_sets".* FROM "card_sets"[0m
  [1m[36mCard Load (0.3ms)[0m  [1m[34mSELECT "cards".* FROM "cards"[0m
  [1m[35m (0.1ms)[0m  [1m[34mSELECT MAX("card_sets"."id") FROM "card_sets"[0m
  [1m[35m (0.3ms)[0m  [1m[33mUPDATE sqlite_sequence SET seq = 0 WHERE name = 'card_sets';[0m
  [1m[35m (0.1ms)[0m  [1m[34mSELECT MAX("cards"."id") FROM "cards"[0m
  [1m[35m (0.1ms)[0m  [1m[33mUPDATE sqlite_sequence SET seq = 0 WHERE name = 'cards';[0m
  [1m[35m (0.0ms)[0m  [1m[36mbegin transaction[0m
  [1m[36mCardSet Create (0.3ms)[0m  [1m[32mINSERT INTO "card_sets" ("theme", "created_at", "updated_at") VALUES (?, ?, ?)[0m  [["theme", "default"], ["created_at", "2020-02-10 19:00:55.985999"], ["updated_at", "2020-02-10 19:00:55.985999"]]
  [1m[35m (0.8ms)[0m  [1m[36mcommit transaction[0m
  [1m[36mCardSet Load (0.1ms)[0m  [1m[34mSELECT "card_sets".* FROM "card_sets" ORDER BY "card_sets"."id" ASC LIMIT ?[0m  [["LIMIT", 1]]
  [1m[36mCardSet Load (0.1ms)[0m  [1m[34mSELECT "card_sets".* FROM "card_sets" ORDER BY "card_sets"."id" ASC LIMIT ?[0m  [["LIMIT", 1]]
  [1m[36mCardSet Load (0.1ms)[0m  [1m[34mSELECT "card_sets".* FROM "card_sets" ORDER BY "card_sets"."id" ASC LIMIT ?[0m  [["LIMIT", 1]]
  [1m[36mCardSet Load (0.1ms)[0m  [1m[34mSELECT "card_sets".* FROM "card_sets" ORDER BY "card_sets"."id" ASC LIMIT ?[0m  [["LIMIT", 1]]
  [1m[36mCardSet Load (0.1ms)[0m  [1m[34mSELECT "card_sets".* FROM "card_sets" ORDER BY "card_sets"."id" ASC LIMIT ?[0m  [["LIMIT", 1]]
  [1m[36mCardSet Load (0.1ms)[0m  [1m[34mSELECT "card_sets".* FROM "card_sets" ORDER BY "card_sets"."id" ASC LIMIT ?[0m  [["LIMIT", 1]]
  [1m[36mCardSet Load (0.1ms)[0m  [1m[34mSELECT "card_sets".* FROM "card_sets" ORDER BY "card_sets"."id" ASC LIMIT ?[0m  [["LIMIT", 1]]
  [1m[36mCardSet Load (0.1ms)[0m  [1m[34mSELECT "card_sets".* FROM "card_sets" ORDER BY "card_sets"."id" ASC LIMIT ?[0m  [["LIMIT", 1]]
  [1m[36mCardSet Load (0.1ms)[0m  [1m[34mSELECT "card_sets".* FROM "card_sets" ORDER BY "card_sets"."id" ASC LIMIT ?[0m  [["LIMIT", 1]]
  [1m[36mCardSet Load (0.1ms)[0m  [1m[34mSELECT "card_sets".* FROM "card_sets" ORDER BY "card_sets"."id" ASC LIMIT ?[0m  [["LIMIT", 1]]
  [1m[35m (0.3ms)[0m  [1m[34mSELECT sqlite_version(*)[0m
  [1m[35m (0.1ms)[0m  [1m[34mSELECT "schema_migrations"."version" FROM "schema_migrations" ORDER BY "schema_migrations"."version" ASC[0m
  [1m[35m (0.0ms)[0m  [1m[34mSELECT sqlite_version(*)[0m
  [1m[36mCardSet Load (0.1ms)[0m  [1m[34mSELECT "card_sets".* FROM "card_sets"[0m
  [1m[35m (0.1ms)[0m  [1m[36mbegin transaction[0m
  [1m[36mCardSet Destroy (0.4ms)[0m  [1m[31mDELETE FROM "card_sets" WHERE "card_sets"."id" = ?[0m  [["id", 1]]
  [1m[35m (0.7ms)[0m  [1m[36mcommit transaction[0m
  [1m[36mCard Load (0.1ms)[0m  [1m[34mSELECT "cards".* FROM "cards"[0m
  [1m[35m (0.1ms)[0m  [1m[34mSELECT MAX("card_sets"."id") FROM "card_sets"[0m
  [1m[35m (0.9ms)[0m  [1m[33mUPDATE sqlite_sequence SET seq = 0 WHERE name = 'card_sets';[0m
  [1m[35m (0.1ms)[0m  [1m[34mSELECT MAX("cards"."id") FROM "cards"[0m
  [1m[35m (0.1ms)[0m  [1m[33mUPDATE sqlite_sequence SET seq = 0 WHERE name = 'cards';[0m
  [1m[35m (0.0ms)[0m  [1m[36mbegin transaction[0m
  [1m[36mCardSet Create (0.3ms)[0m  [1m[32mINSERT INTO "card_sets" ("theme", "created_at", "updated_at") VALUES (?, ?, ?)[0m  [["theme", "default"], ["created_at", "2020-02-10 19:03:15.506639"], ["updated_at", "2020-02-10 19:03:15.506639"]]
  [1m[35m (0.5ms)[0m  [1m[36mcommit transaction[0m
  [1m[36mCardSet Load (0.1ms)[0m  [1m[34mSELECT "card_sets".* FROM "card_sets" ORDER BY "card_sets"."id" ASC LIMIT ?[0m  [["LIMIT", 1]]
  [1m[36mCardSet Load (0.1ms)[0m  [1m[34mSELECT "card_sets".* FROM "card_sets" ORDER BY "card_sets"."id" ASC LIMIT ?[0m  [["LIMIT", 1]]
  [1m[36mCardSet Load (0.1ms)[0m  [1m[34mSELECT "card_sets".* FROM "card_sets" ORDER BY "card_sets"."id" ASC LIMIT ?[0m  [["LIMIT", 1]]
  [1m[36mCardSet Load (0.1ms)[0m  [1m[34mSELECT "card_sets".* FROM "card_sets" ORDER BY "card_sets"."id" ASC LIMIT ?[0m  [["LIMIT", 1]]
  [1m[36mCardSet Load (0.1ms)[0m  [1m[34mSELECT "card_sets".* FROM "card_sets" ORDER BY "card_sets"."id" ASC LIMIT ?[0m  [["LIMIT", 1]]
  [1m[36mCardSet Load (0.1ms)[0m  [1m[34mSELECT "card_sets".* FROM "card_sets" ORDER BY "card_sets"."id" ASC LIMIT ?[0m  [["LIMIT", 1]]
  [1m[36mCardSet Load (0.1ms)[0m  [1m[34mSELECT "card_sets".* FROM "card_sets" ORDER BY "card_sets"."id" ASC LIMIT ?[0m  [["LIMIT", 1]]
  [1m[36mCardSet Load (0.1ms)[0m  [1m[34mSELECT "card_sets".* FROM "card_sets" ORDER BY "card_sets"."id" ASC LIMIT ?[0m  [["LIMIT", 1]]
  [1m[36mCardSet Load (0.1ms)[0m  [1m[34mSELECT "card_sets".* FROM "card_sets" ORDER BY "card_sets"."id" ASC LIMIT ?[0m  [["LIMIT", 1]]
  [1m[36mCardSet Load (0.1ms)[0m  [1m[34mSELECT "card_sets".* FROM "card_sets" ORDER BY "card_sets"."id" ASC LIMIT ?[0m  [["LIMIT", 1]]
  [1m[35m (0.3ms)[0m  [1m[34mSELECT sqlite_version(*)[0m
  [1m[35m (0.1ms)[0m  [1m[34mSELECT "schema_migrations"."version" FROM "schema_migrations" ORDER BY "schema_migrations"."version" ASC[0m
  [1m[35m (0.0ms)[0m  [1m[34mSELECT sqlite_version(*)[0m
  [1m[36mCardSet Load (0.1ms)[0m  [1m[34mSELECT "card_sets".* FROM "card_sets"[0m
  [1m[35m (0.0ms)[0m  [1m[36mbegin transaction[0m
  [1m[36mCardSet Destroy (0.3ms)[0m  [1m[31mDELETE FROM "card_sets" WHERE "card_sets"."id" = ?[0m  [["id", 1]]
  [1m[35m (0.9ms)[0m  [1m[36mcommit transaction[0m
  [1m[36mCard Load (0.1ms)[0m  [1m[34mSELECT "cards".* FROM "cards"[0m
  [1m[35m (0.1ms)[0m  [1m[34mSELECT MAX("card_sets"."id") FROM "card_sets"[0m
  [1m[35m (1.0ms)[0m  [1m[33mUPDATE sqlite_sequence SET seq = 0 WHERE name = 'card_sets';[0m
  [1m[35m (0.1ms)[0m  [1m[34mSELECT MAX("cards"."id") FROM "cards"[0m
  [1m[35m (0.1ms)[0m  [1m[33mUPDATE sqlite_sequence SET seq = 0 WHERE name = 'cards';[0m
  [1m[35m (0.0ms)[0m  [1m[36mbegin transaction[0m
  [1m[36mCardSet Create (0.2ms)[0m  [1m[32mINSERT INTO "card_sets" ("theme", "created_at", "updated_at") VALUES (?, ?, ?)[0m  [["theme", "default"], ["created_at", "2020-02-10 19:04:03.090026"], ["updated_at", "2020-02-10 19:04:03.090026"]]
  [1m[35m (0.6ms)[0m  [1m[36mcommit transaction[0m
  [1m[36mCardSet Load (0.1ms)[0m  [1m[34mSELECT "card_sets".* FROM "card_sets" ORDER BY "card_sets"."id" ASC LIMIT ?[0m  [["LIMIT", 1]]
  [1m[36mCardSet Load (0.1ms)[0m  [1m[34mSELECT "card_sets".* FROM "card_sets" ORDER BY "card_sets"."id" ASC LIMIT ?[0m  [["LIMIT", 1]]
  [1m[36mCardSet Load (0.1ms)[0m  [1m[34mSELECT "card_sets".* FROM "card_sets" ORDER BY "card_sets"."id" ASC LIMIT ?[0m  [["LIMIT", 1]]
  [1m[36mCardSet Load (0.1ms)[0m  [1m[34mSELECT "card_sets".* FROM "card_sets" ORDER BY "card_sets"."id" ASC LIMIT ?[0m  [["LIMIT", 1]]
  [1m[36mCardSet Load (0.1ms)[0m  [1m[34mSELECT "card_sets".* FROM "card_sets" ORDER BY "card_sets"."id" ASC LIMIT ?[0m  [["LIMIT", 1]]
  [1m[36mCardSet Load (0.1ms)[0m  [1m[34mSELECT "card_sets".* FROM "card_sets" ORDER BY "card_sets"."id" ASC LIMIT ?[0m  [["LIMIT", 1]]
  [1m[36mCardSet Load (0.1ms)[0m  [1m[34mSELECT "card_sets".* FROM "card_sets" ORDER BY "card_sets"."id" ASC LIMIT ?[0m  [["LIMIT", 1]]
  [1m[36mCardSet Load (0.1ms)[0m  [1m[34mSELECT "card_sets".* FROM "card_sets" ORDER BY "card_sets"."id" ASC LIMIT ?[0m  [["LIMIT", 1]]
  [1m[36mCardSet Load (0.1ms)[0m  [1m[34mSELECT "card_sets".* FROM "card_sets" ORDER BY "card_sets"."id" ASC LIMIT ?[0m  [["LIMIT", 1]]
  [1m[36mCardSet Load (0.1ms)[0m  [1m[34mSELECT "card_sets".* FROM "card_sets" ORDER BY "card_sets"."id" ASC LIMIT ?[0m  [["LIMIT", 1]]
  [1m[35m (0.1ms)[0m  [1m[36mbegin transaction[0m
  [1m[36mCardSet Load (0.2ms)[0m  [1m[34mSELECT "card_sets".* FROM "card_sets" WHERE "card_sets"."id" = ? LIMIT ?[0m  [["id", 1], ["LIMIT", 1]]
  [1m[36mCard Create (0.2ms)[0m  [1m[32mINSERT INTO "cards" ("imageUrl", "card_set_id", "created_at", "updated_at") VALUES (?, ?, ?, ?)[0m  [["imageUrl", "https://www.meme-arsenal.com/memes/81332eb76bf78151448789564ad869fa.jpg"], ["card_set_id", 1], ["created_at", "2020-02-10 19:04:03.125955"], ["updated_at", "2020-02-10 19:04:03.125955"]]
  [1m[35m (0.8ms)[0m  [1m[36mcommit transaction[0m
  [1m[35m (0.0ms)[0m  [1m[36mbegin transaction[0m
  [1m[36mCardSet Load (0.1ms)[0m  [1m[34mSELECT "card_sets".* FROM "card_sets" WHERE "card_sets"."id" = ? LIMIT ?[0m  [["id", 1], ["LIMIT", 1]]
  [1m[36mCard Create (0.2ms)[0m  [1m[32mINSERT INTO "cards" ("imageUrl", "card_set_id", "created_at", "updated_at") VALUES (?, ?, ?, ?)[0m  [["imageUrl", "https://fractalenlightenment.com/wp-content/uploads/2014/05/consciousnesss-e1435475009441.jpg"], ["card_set_id", 1], ["created_at", "2020-02-10 19:04:03.130205"], ["updated_at", "2020-02-10 19:04:03.130205"]]
  [1m[35m (0.8ms)[0m  [1m[36mcommit transaction[0m
  [1m[35m (0.0ms)[0m  [1m[36mbegin transaction[0m
  [1m[36mCardSet Load (0.1ms)[0m  [1m[34mSELECT "card_sets".* FROM "card_sets" WHERE "card_sets"."id" = ? LIMIT ?[0m  [["id", 1], ["LIMIT", 1]]
  [1m[36mCard Create (0.2ms)[0m  [1m[32mINSERT INTO "cards" ("imageUrl", "card_set_id", "created_at", "updated_at") VALUES (?, ?, ?, ?)[0m  [["imageUrl", "https://steemitimages.com/DQmX2GesFWhmvYqgsTxXRLNcdwxoodLdyXNDDN8sMBqeUze/consciousness.jpg"], ["card_set_id", 1], ["created_at", "2020-02-10 19:04:03.134242"], ["updated_at", "2020-02-10 19:04:03.134242"]]
  [1m[35m (0.7ms)[0m  [1m[36mcommit transaction[0m
  [1m[35m (0.0ms)[0m  [1m[36mbegin transaction[0m
  [1m[36mCardSet Load (0.1ms)[0m  [1m[34mSELECT "card_sets".* FROM "card_sets" WHERE "card_sets"."id" = ? LIMIT ?[0m  [["id", 1], ["LIMIT", 1]]
  [1m[36mCard Create (0.2ms)[0m  [1m[32mINSERT INTO "cards" ("imageUrl", "card_set_id", "created_at", "updated_at") VALUES (?, ?, ?, ?)[0m  [["imageUrl", "https://previews.123rf.com/images/shikshik/shikshik1610/shikshik161000056/64863197-third-eye-with-floral-mandala-drawing-line-art-boho-chic-style-best-for-adult-coloring-book-and-medi.jpg"], ["card_set_id", 1], ["created_at", "2020-02-10 19:04:03.138134"], ["updated_at", "2020-02-10 19:04:03.138134"]]
  [1m[35m (0.7ms)[0m  [1m[36mcommit transaction[0m
  [1m[35m (0.0ms)[0m  [1m[36mbegin transaction[0m
  [1m[36mCardSet Load (0.1ms)[0m  [1m[34mSELECT "card_sets".* FROM "card_sets" WHERE "card_sets"."id" = ? LIMIT ?[0m  [["id", 1], ["LIMIT", 1]]
  [1m[36mCard Create (0.2ms)[0m  [1m[32mINSERT INTO "cards" ("imageUrl", "card_set_id", "created_at", "updated_at") VALUES (?, ?, ?, ?)[0m  [["imageUrl", "https://previews.123rf.com/images/iostephy/iostephy1511/iostephy151100012/47999827-silhouette-meditation-chakra-and-light-transparency-blending-effects-and-gradient-mesh-eps-10-.jpg"], ["card_set_id", 1], ["created_at", "2020-02-10 19:04:03.142139"], ["updated_at", "2020-02-10 19:04:03.142139"]]
  [1m[35m (0.5ms)[0m  [1m[36mcommit transaction[0m
  [1m[35m (0.0ms)[0m  [1m[36mbegin transaction[0m
  [1m[36mCardSet Load (0.1ms)[0m  [1m[34mSELECT "card_sets".* FROM "card_sets" WHERE "card_sets"."id" = ? LIMIT ?[0m  [["id", 1], ["LIMIT", 1]]
  [1m[36mCard Create (0.2ms)[0m  [1m[32mINSERT INTO "cards" ("imageUrl", "card_set_id", "created_at", "updated_at") VALUES (?, ?, ?, ?)[0m  [["imageUrl", "https://images.samash.com/sa/STS/STS711XXX-P.fpx?cvt=jpg"], ["card_set_id", 1], ["created_at", "2020-02-10 19:04:03.146301"], ["updated_at", "2020-02-10 19:04:03.146301"]]
  [1m[35m (0.6ms)[0m  [1m[36mcommit transaction[0m
  [1m[35m (0.0ms)[0m  [1m[36mbegin transaction[0m
  [1m[36mCardSet Load (0.1ms)[0m  [1m[34mSELECT "card_sets".* FROM "card_sets" WHERE "card_sets"."id" = ? LIMIT ?[0m  [["id", 1], ["LIMIT", 1]]
  [1m[36mCard Create (0.2ms)[0m  [1m[32mINSERT INTO "cards" ("imageUrl", "card_set_id", "created_at", "updated_at") VALUES (?, ?, ?, ?)[0m  [["imageUrl", "https://az58332.vo.msecnd.net/e88dd2e9fff747f090c792316c22131c/Images/Products1005025-1200x1200--103675859.jpg"], ["card_set_id", 1], ["created_at", "2020-02-10 19:04:03.150145"], ["updated_at", "2020-02-10 19:04:03.150145"]]
  [1m[35m (0.6ms)[0m  [1m[36mcommit transaction[0m
  [1m[35m (0.0ms)[0m  [1m[36mbegin transaction[0m
  [1m[36mCardSet Load (0.1ms)[0m  [1m[34mSELECT "card_sets".* FROM "card_sets" WHERE "card_sets"."id" = ? LIMIT ?[0m  [["id", 1], ["LIMIT", 1]]
  [1m[36mCard Create (0.2ms)[0m  [1m[32mINSERT INTO "cards" ("imageUrl", "card_set_id", "created_at", "updated_at") VALUES (?, ?, ?, ?)[0m  [["imageUrl", "https://az58332.vo.msecnd.net/e88dd2e9fff747f090c792316c22131c/Images/Products1734-1200x1200-1484268.jpg"], ["card_set_id", 1], ["created_at", "2020-02-10 19:04:03.153945"], ["updated_at", "2020-02-10 19:04:03.153945"]]
  [1m[35m (0.7ms)[0m  [1m[36mcommit transaction[0m
  [1m[35m (0.0ms)[0m  [1m[36mbegin transaction[0m
  [1m[36mCardSet Load (0.1ms)[0m  [1m[34mSELECT "card_sets".* FROM "card_sets" WHERE "card_sets"."id" = ? LIMIT ?[0m  [["id", 1], ["LIMIT", 1]]
  [1m[36mCard Create (0.2ms)[0m  [1m[32mINSERT INTO "cards" ("imageUrl", "card_set_id", "created_at", "updated_at") VALUES (?, ?, ?, ?)[0m  [["imageUrl", "https://kawaius.com/wp-content/uploads/2018/06/Kawai-RX-1-Grand-Piano.jpg"], ["card_set_id", 1], ["created_at", "2020-02-10 19:04:03.157913"], ["updated_at", "2020-02-10 19:04:03.157913"]]
  [1m[35m (0.8ms)[0m  [1m[36mcommit transaction[0m
  [1m[35m (0.0ms)[0m  [1m[36mbegin transaction[0m
  [1m[36mCardSet Load (0.1ms)[0m  [1m[34mSELECT "card_sets".* FROM "card_sets" WHERE "card_sets"."id" = ? LIMIT ?[0m  [["id", 1], ["LIMIT", 1]]
  [1m[36mCard Create (0.2ms)[0m  [1m[32mINSERT INTO "cards" ("imageUrl", "card_set_id", "created_at", "updated_at") VALUES (?, ?, ?, ?)[0m  [["imageUrl", "https://images.guitarguitar.co.uk/cdn/large/130/06060817261928f2.jpg?h=500&maxwidth=770&scale=canvas&bg=ffffff&quality=70"], ["card_set_id", 1], ["created_at", "2020-02-10 19:04:03.161850"], ["updated_at", "2020-02-10 19:04:03.161850"]]
  [1m[35m (0.7ms)[0m  [1m[36mcommit transaction[0m
  [1m[35m (0.4ms)[0m  [1m[34mSELECT sqlite_version(*)[0m
  [1m[36mCard Load (0.1ms)[0m  [1m[34mSELECT "cards".* FROM "cards" ORDER BY "cards"."id" ASC LIMIT ?[0m  [["LIMIT", 1]]
  [1m[36mCard Load (0.2ms)[0m  [1m[34mSELECT "cards".* FROM "cards" LIMIT ?[0m  [["LIMIT", 11]]
  [1m[36mCard Load (0.2ms)[0m  [1m[34mSELECT "cards".* FROM "cards"[0m
Started GET "/" for ::1 at 2020-02-10 14:07:13 -0500
  [1m[35m (0.4ms)[0m  [1m[34mSELECT sqlite_version(*)[0m
  [1m[35m (0.1ms)[0m  [1m[34mSELECT "schema_migrations"."version" FROM "schema_migrations" ORDER BY "schema_migrations"."version" ASC[0m
Processing by Rails::WelcomeController#index as HTML
  Rendering /Users/ap/.rvm/gems/ruby-2.6.1/gems/railties-6.0.2.1/lib/rails/templates/rails/welcome/index.html.erb
  Rendered /Users/ap/.rvm/gems/ruby-2.6.1/gems/railties-6.0.2.1/lib/rails/templates/rails/welcome/index.html.erb (Duration: 23.1ms | Allocations: 481)
Completed 200 OK in 34ms (Views: 29.3ms | ActiveRecord: 0.0ms | Allocations: 2644)


Started GET "/favicon.ico" for ::1 at 2020-02-10 14:07:13 -0500
  
ActionController::RoutingError (No route matches [GET] "/favicon.ico"):
  
actionpack (6.0.2.1) lib/action_dispatch/middleware/debug_exceptions.rb:36:in `call'
actionpack (6.0.2.1) lib/action_dispatch/middleware/show_exceptions.rb:33:in `call'
railties (6.0.2.1) lib/rails/rack/logger.rb:38:in `call_app'
railties (6.0.2.1) lib/rails/rack/logger.rb:26:in `block in call'
activesupport (6.0.2.1) lib/active_support/tagged_logging.rb:80:in `block in tagged'
activesupport (6.0.2.1) lib/active_support/tagged_logging.rb:28:in `tagged'
activesupport (6.0.2.1) lib/active_support/tagged_logging.rb:80:in `tagged'
railties (6.0.2.1) lib/rails/rack/logger.rb:26:in `call'
actionpack (6.0.2.1) lib/action_dispatch/middleware/remote_ip.rb:81:in `call'
actionpack (6.0.2.1) lib/action_dispatch/middleware/request_id.rb:27:in `call'
rack (2.1.2) lib/rack/runtime.rb:24:in `call'
activesupport (6.0.2.1) lib/active_support/cache/strategy/local_cache_middleware.rb:29:in `call'
actionpack (6.0.2.1) lib/action_dispatch/middleware/executor.rb:14:in `call'
actionpack (6.0.2.1) lib/action_dispatch/middleware/static.rb:126:in `call'
rack (2.1.2) lib/rack/sendfile.rb:113:in `call'
actionpack (6.0.2.1) lib/action_dispatch/middleware/host_authorization.rb:83:in `call'
railties (6.0.2.1) lib/rails/engine.rb:526:in `call'
puma (4.3.1) lib/puma/configuration.rb:228:in `call'
puma (4.3.1) lib/puma/server.rb:681:in `handle_request'
puma (4.3.1) lib/puma/server.rb:472:in `process_client'
puma (4.3.1) lib/puma/server.rb:328:in `block in run'
puma (4.3.1) lib/puma/thread_pool.rb:134:in `block in spawn_thread'
Started GET "/cards" for ::1 at 2020-02-10 14:07:15 -0500
  
ActionController::RoutingError (No route matches [GET] "/cards"):
  
actionpack (6.0.2.1) lib/action_dispatch/middleware/debug_exceptions.rb:36:in `call'
actionpack (6.0.2.1) lib/action_dispatch/middleware/show_exceptions.rb:33:in `call'
railties (6.0.2.1) lib/rails/rack/logger.rb:38:in `call_app'
railties (6.0.2.1) lib/rails/rack/logger.rb:26:in `block in call'
activesupport (6.0.2.1) lib/active_support/tagged_logging.rb:80:in `block in tagged'
activesupport (6.0.2.1) lib/active_support/tagged_logging.rb:28:in `tagged'
activesupport (6.0.2.1) lib/active_support/tagged_logging.rb:80:in `tagged'
railties (6.0.2.1) lib/rails/rack/logger.rb:26:in `call'
actionpack (6.0.2.1) lib/action_dispatch/middleware/remote_ip.rb:81:in `call'
actionpack (6.0.2.1) lib/action_dispatch/middleware/request_id.rb:27:in `call'
rack (2.1.2) lib/rack/runtime.rb:24:in `call'
activesupport (6.0.2.1) lib/active_support/cache/strategy/local_cache_middleware.rb:29:in `call'
actionpack (6.0.2.1) lib/action_dispatch/middleware/executor.rb:14:in `call'
actionpack (6.0.2.1) lib/action_dispatch/middleware/static.rb:126:in `call'
rack (2.1.2) lib/rack/sendfile.rb:113:in `call'
actionpack (6.0.2.1) lib/action_dispatch/middleware/host_authorization.rb:83:in `call'
railties (6.0.2.1) lib/rails/engine.rb:526:in `call'
puma (4.3.1) lib/puma/configuration.rb:228:in `call'
puma (4.3.1) lib/puma/server.rb:681:in `handle_request'
puma (4.3.1) lib/puma/server.rb:472:in `process_client'
puma (4.3.1) lib/puma/server.rb:328:in `block in run'
puma (4.3.1) lib/puma/thread_pool.rb:134:in `block in spawn_thread'
Started GET "/api/v1/cards" for ::1 at 2020-02-10 14:08:07 -0500
Processing by Api::V1::CardsController#index as HTML
  [1m[36mCard Load (0.3ms)[0m  [1m[34mSELECT "cards".* FROM "cards"[0m
  ↳ app/controllers/api/v1/cards_controller.rb:4:in `index'
Completed 200 OK in 10ms (Views: 6.4ms | ActiveRecord: 0.9ms | Allocations: 6237)


Started GET "/api/v1/cards" for ::1 at 2020-02-10 14:59:58 -0500
  [1m[35m (0.1ms)[0m  [1m[34mSELECT sqlite_version(*)[0m
Processing by Api::V1::CardsController#index as */*
  [1m[36mCard Load (0.5ms)[0m  [1m[34mSELECT "cards".* FROM "cards"[0m
  ↳ app/controllers/api/v1/cards_controller.rb:4:in `index'
Completed 200 OK in 3ms (Views: 1.9ms | ActiveRecord: 0.5ms | Allocations: 1772)


Started GET "/api/v1/cards" for ::1 at 2020-02-10 15:01:54 -0500
  [1m[35m (0.5ms)[0m  [1m[34mSELECT sqlite_version(*)[0m
  [1m[35m (0.4ms)[0m  [1m[34mSELECT "schema_migrations"."version" FROM "schema_migrations" ORDER BY "schema_migrations"."version" ASC[0m
Processing by Api::V1::CardsController#index as */*
  [1m[36mCard Load (0.3ms)[0m  [1m[34mSELECT "cards".* FROM "cards"[0m
  ↳ app/controllers/api/v1/cards_controller.rb:4:in `index'
Completed 200 OK in 9ms (Views: 4.9ms | ActiveRecord: 0.8ms | Allocations: 6159)


Started GET "/api/v1/cards" for ::1 at 2020-02-10 15:02:48 -0500
Processing by Api::V1::CardsController#index as */*
  [1m[36mCard Load (0.2ms)[0m  [1m[34mSELECT "cards".* FROM "cards"[0m
  ↳ app/controllers/api/v1/cards_controller.rb:4:in `index'
Completed 200 OK in 4ms (Views: 3.0ms | ActiveRecord: 0.2ms | Allocations: 1771)


Started GET "/api/v1/cards" for ::1 at 2020-02-10 15:06:01 -0500
Processing by Api::V1::CardsController#index as */*
  [1m[36mCard Load (0.1ms)[0m  [1m[34mSELECT "cards".* FROM "cards"[0m
  ↳ app/controllers/api/v1/cards_controller.rb:4:in `index'
Completed 200 OK in 4ms (Views: 3.0ms | ActiveRecord: 0.1ms | Allocations: 1771)


Started GET "/api/v1/cards" for ::1 at 2020-02-10 15:06:02 -0500
Processing by Api::V1::CardsController#index as */*
  [1m[36mCard Load (0.2ms)[0m  [1m[34mSELECT "cards".* FROM "cards"[0m
  ↳ app/controllers/api/v1/cards_controller.rb:4:in `index'
Completed 200 OK in 3ms (Views: 2.4ms | ActiveRecord: 0.2ms | Allocations: 1771)


Started GET "/api/v1/cards" for ::1 at 2020-02-10 15:06:04 -0500
Processing by Api::V1::CardsController#index as */*
  [1m[36mCard Load (0.2ms)[0m  [1m[34mSELECT "cards".* FROM "cards"[0m
  ↳ app/controllers/api/v1/cards_controller.rb:4:in `index'
Completed 200 OK in 3ms (Views: 2.7ms | ActiveRecord: 0.2ms | Allocations: 1771)


Started GET "/api/v1/cards" for ::1 at 2020-02-10 15:19:23 -0500
  [1m[35m (0.1ms)[0m  [1m[34mSELECT sqlite_version(*)[0m
Processing by Api::V1::CardsController#index as */*
  [1m[36mCard Load (0.8ms)[0m  [1m[34mSELECT "cards".* FROM "cards"[0m
  ↳ app/controllers/api/v1/cards_controller.rb:4:in `index'
Completed 200 OK in 3ms (Views: 2.2ms | ActiveRecord: 0.8ms | Allocations: 1772)


Started GET "/api/v1/cards" for ::1 at 2020-02-10 15:33:01 -0500
  [1m[35m (0.1ms)[0m  [1m[34mSELECT sqlite_version(*)[0m
Processing by Api::V1::CardsController#index as */*
  [1m[36mCard Load (0.2ms)[0m  [1m[34mSELECT "cards".* FROM "cards"[0m
  ↳ app/controllers/api/v1/cards_controller.rb:4:in `index'
Completed 200 OK in 2ms (Views: 1.8ms | ActiveRecord: 0.2ms | Allocations: 1772)


Started GET "/api/v1/cards" for ::1 at 2020-02-10 15:40:18 -0500
  [1m[35m (0.1ms)[0m  [1m[34mSELECT sqlite_version(*)[0m
Processing by Api::V1::CardsController#index as */*
  [1m[36mCard Load (0.2ms)[0m  [1m[34mSELECT "cards".* FROM "cards"[0m
  ↳ app/controllers/api/v1/cards_controller.rb:4:in `index'
Completed 200 OK in 2ms (Views: 1.6ms | ActiveRecord: 0.2ms | Allocations: 1772)


Started GET "/api/v1/cards" for ::1 at 2020-02-10 15:41:07 -0500
Processing by Api::V1::CardsController#index as */*
  [1m[36mCard Load (0.2ms)[0m  [1m[34mSELECT "cards".* FROM "cards"[0m
  ↳ app/controllers/api/v1/cards_controller.rb:4:in `index'
Completed 200 OK in 3ms (Views: 2.4ms | ActiveRecord: 0.2ms | Allocations: 1754)


Started GET "/api/v1/cards" for ::1 at 2020-02-10 15:43:58 -0500
Processing by Api::V1::CardsController#index as */*
  [1m[36mCard Load (0.3ms)[0m  [1m[34mSELECT "cards".* FROM "cards"[0m
  ↳ app/controllers/api/v1/cards_controller.rb:4:in `index'
Completed 200 OK in 4ms (Views: 3.4ms | ActiveRecord: 0.3ms | Allocations: 1754)


Started GET "/api/v1/cards" for ::1 at 2020-02-10 16:01:19 -0500
  [1m[35m (0.1ms)[0m  [1m[34mSELECT sqlite_version(*)[0m
Processing by Api::V1::CardsController#index as */*
  [1m[36mCard Load (0.5ms)[0m  [1m[34mSELECT "cards".* FROM "cards"[0m
  ↳ app/controllers/api/v1/cards_controller.rb:4:in `index'
Completed 200 OK in 4ms (Views: 3.0ms | ActiveRecord: 0.5ms | Allocations: 1772)


Started GET "/api/v1/cards" for ::1 at 2020-02-10 16:10:41 -0500
  [1m[35m (0.1ms)[0m  [1m[34mSELECT sqlite_version(*)[0m
Processing by Api::V1::CardsController#index as */*
  [1m[36mCard Load (0.5ms)[0m  [1m[34mSELECT "cards".* FROM "cards"[0m
  ↳ app/controllers/api/v1/cards_controller.rb:4:in `index'
Completed 200 OK in 3ms (Views: 2.4ms | ActiveRecord: 0.5ms | Allocations: 1773)


Started GET "/api/v1/cards" for ::1 at 2020-02-10 16:10:42 -0500
Processing by Api::V1::CardsController#index as */*
  [1m[36mCard Load (0.2ms)[0m  [1m[34mSELECT "cards".* FROM "cards"[0m
  ↳ app/controllers/api/v1/cards_controller.rb:4:in `index'
Completed 200 OK in 4ms (Views: 3.4ms | ActiveRecord: 0.2ms | Allocations: 1754)


Started GET "/api/v1/cards" for ::1 at 2020-02-10 16:12:11 -0500
Processing by Api::V1::CardsController#index as */*
  [1m[36mCard Load (0.2ms)[0m  [1m[34mSELECT "cards".* FROM "cards"[0m
  ↳ app/controllers/api/v1/cards_controller.rb:4:in `index'
Completed 200 OK in 3ms (Views: 3.0ms | ActiveRecord: 0.2ms | Allocations: 1754)


Started GET "/api/v1/cards" for ::1 at 2020-02-10 16:14:23 -0500
Processing by Api::V1::CardsController#index as */*
  [1m[36mCard Load (0.2ms)[0m  [1m[34mSELECT "cards".* FROM "cards"[0m
  ↳ app/controllers/api/v1/cards_controller.rb:4:in `index'
Completed 200 OK in 4ms (Views: 3.2ms | ActiveRecord: 0.2ms | Allocations: 1754)


Started GET "/api/v1/cards" for ::1 at 2020-02-10 16:15:43 -0500
Processing by Api::V1::CardsController#index as */*
  [1m[36mCard Load (0.4ms)[0m  [1m[34mSELECT "cards".* FROM "cards"[0m
  ↳ app/controllers/api/v1/cards_controller.rb:4:in `index'
Completed 200 OK in 3ms (Views: 2.8ms | ActiveRecord: 0.4ms | Allocations: 1754)


Started GET "/api/v1/cards" for ::1 at 2020-02-10 16:54:49 -0500
  [1m[35m (0.2ms)[0m  [1m[34mSELECT sqlite_version(*)[0m
Processing by Api::V1::CardsController#index as */*
  [1m[36mCard Load (1.3ms)[0m  [1m[34mSELECT "cards".* FROM "cards"[0m
  ↳ app/controllers/api/v1/cards_controller.rb:4:in `index'
Completed 200 OK in 5ms (Views: 3.2ms | ActiveRecord: 1.3ms | Allocations: 1772)


Started GET "/api/v1/cards" for ::1 at 2020-02-10 16:54:52 -0500
Processing by Api::V1::CardsController#index as */*
  [1m[36mCard Load (0.2ms)[0m  [1m[34mSELECT "cards".* FROM "cards"[0m
  ↳ app/controllers/api/v1/cards_controller.rb:4:in `index'
Completed 200 OK in 3ms (Views: 2.8ms | ActiveRecord: 0.2ms | Allocations: 1754)


Started GET "/api/v1/cards" for ::1 at 2020-02-10 16:54:59 -0500
Processing by Api::V1::CardsController#index as */*
  [1m[36mCard Load (0.2ms)[0m  [1m[34mSELECT "cards".* FROM "cards"[0m
  ↳ app/controllers/api/v1/cards_controller.rb:4:in `index'
Completed 200 OK in 4ms (Views: 3.2ms | ActiveRecord: 0.2ms | Allocations: 1754)


Started GET "/api/v1/cards" for ::1 at 2020-02-10 16:54:59 -0500
Processing by Api::V1::CardsController#index as */*
  [1m[36mCard Load (0.3ms)[0m  [1m[34mSELECT "cards".* FROM "cards"[0m
  ↳ app/controllers/api/v1/cards_controller.rb:4:in `index'
Completed 200 OK in 4ms (Views: 3.5ms | ActiveRecord: 0.3ms | Allocations: 1754)


Started GET "/api/v1/cards" for ::1 at 2020-02-10 16:55:51 -0500
Processing by Api::V1::CardsController#index as */*
  [1m[36mCard Load (0.2ms)[0m  [1m[34mSELECT "cards".* FROM "cards"[0m
  ↳ app/controllers/api/v1/cards_controller.rb:4:in `index'
Completed 200 OK in 4ms (Views: 3.3ms | ActiveRecord: 0.2ms | Allocations: 1754)


Started GET "/api/v1/cards" for ::1 at 2020-02-10 16:55:53 -0500
Processing by Api::V1::CardsController#index as */*
  [1m[36mCard Load (0.3ms)[0m  [1m[34mSELECT "cards".* FROM "cards"[0m
  ↳ app/controllers/api/v1/cards_controller.rb:4:in `index'
Completed 200 OK in 4ms (Views: 3.2ms | ActiveRecord: 0.3ms | Allocations: 1754)


Started GET "/api/v1/cards" for ::1 at 2020-02-10 16:56:04 -0500
Processing by Api::V1::CardsController#index as */*
  [1m[36mCard Load (0.2ms)[0m  [1m[34mSELECT "cards".* FROM "cards"[0m
  ↳ app/controllers/api/v1/cards_controller.rb:4:in `index'
Completed 200 OK in 3ms (Views: 2.7ms | ActiveRecord: 0.2ms | Allocations: 1754)


Started GET "/api/v1/cards" for ::1 at 2020-02-10 16:56:06 -0500
Processing by Api::V1::CardsController#index as */*
  [1m[36mCard Load (0.2ms)[0m  [1m[34mSELECT "cards".* FROM "cards"[0m
  ↳ app/controllers/api/v1/cards_controller.rb:4:in `index'
Completed 200 OK in 3ms (Views: 2.5ms | ActiveRecord: 0.2ms | Allocations: 1754)


Started GET "/api/v1/cards" for ::1 at 2020-02-10 16:56:06 -0500
Processing by Api::V1::CardsController#index as */*
  [1m[36mCard Load (0.1ms)[0m  [1m[34mSELECT "cards".* FROM "cards"[0m
  ↳ app/controllers/api/v1/cards_controller.rb:4:in `index'
Completed 200 OK in 2ms (Views: 2.0ms | ActiveRecord: 0.1ms | Allocations: 1754)


Started GET "/api/v1/cards" for ::1 at 2020-02-10 16:56:06 -0500
Processing by Api::V1::CardsController#index as */*
  [1m[36mCard Load (0.2ms)[0m  [1m[34mSELECT "cards".* FROM "cards"[0m
  ↳ app/controllers/api/v1/cards_controller.rb:4:in `index'
Completed 200 OK in 3ms (Views: 2.7ms | ActiveRecord: 0.2ms | Allocations: 1754)


Started GET "/api/v1/cards" for ::1 at 2020-02-10 16:56:07 -0500
Processing by Api::V1::CardsController#index as */*
  [1m[36mCard Load (0.2ms)[0m  [1m[34mSELECT "cards".* FROM "cards"[0m
  ↳ app/controllers/api/v1/cards_controller.rb:4:in `index'
Completed 200 OK in 3ms (Views: 2.1ms | ActiveRecord: 0.2ms | Allocations: 1754)


Started GET "/api/v1/cards" for ::1 at 2020-02-10 16:56:32 -0500
Processing by Api::V1::CardsController#index as */*
  [1m[36mCard Load (0.2ms)[0m  [1m[34mSELECT "cards".* FROM "cards"[0m
  ↳ app/controllers/api/v1/cards_controller.rb:4:in `index'
Completed 200 OK in 3ms (Views: 2.9ms | ActiveRecord: 0.2ms | Allocations: 1754)


Started GET "/api/v1/cards" for ::1 at 2020-02-10 16:56:33 -0500
Processing by Api::V1::CardsController#index as */*
  [1m[36mCard Load (0.2ms)[0m  [1m[34mSELECT "cards".* FROM "cards"[0m
  ↳ app/controllers/api/v1/cards_controller.rb:4:in `index'
Completed 200 OK in 2ms (Views: 2.1ms | ActiveRecord: 0.2ms | Allocations: 1754)


Started GET "/api/v1/cards" for ::1 at 2020-02-10 16:56:37 -0500
Processing by Api::V1::CardsController#index as */*
  [1m[36mCard Load (0.3ms)[0m  [1m[34mSELECT "cards".* FROM "cards"[0m
  ↳ app/controllers/api/v1/cards_controller.rb:4:in `index'
Completed 200 OK in 4ms (Views: 3.2ms | ActiveRecord: 0.3ms | Allocations: 1754)


Started GET "/api/v1/cards" for ::1 at 2020-02-10 16:56:37 -0500
Processing by Api::V1::CardsController#index as */*
  [1m[36mCard Load (0.2ms)[0m  [1m[34mSELECT "cards".* FROM "cards"[0m
  ↳ app/controllers/api/v1/cards_controller.rb:4:in `index'
Completed 200 OK in 3ms (Views: 2.7ms | ActiveRecord: 0.2ms | Allocations: 1754)


Started GET "/api/v1/cards" for ::1 at 2020-02-10 16:56:37 -0500
Processing by Api::V1::CardsController#index as */*
  [1m[36mCard Load (0.2ms)[0m  [1m[34mSELECT "cards".* FROM "cards"[0m
  ↳ app/controllers/api/v1/cards_controller.rb:4:in `index'
Completed 200 OK in 3ms (Views: 2.7ms | ActiveRecord: 0.2ms | Allocations: 1754)


Started GET "/api/v1/cards" for ::1 at 2020-02-10 16:56:37 -0500
Processing by Api::V1::CardsController#index as */*
  [1m[36mCard Load (0.2ms)[0m  [1m[34mSELECT "cards".* FROM "cards"[0m
  ↳ app/controllers/api/v1/cards_controller.rb:4:in `index'
Completed 200 OK in 3ms (Views: 2.7ms | ActiveRecord: 0.2ms | Allocations: 1754)


Started GET "/api/v1/cards" for ::1 at 2020-02-10 16:56:38 -0500
Processing by Api::V1::CardsController#index as */*
  [1m[36mCard Load (0.2ms)[0m  [1m[34mSELECT "cards".* FROM "cards"[0m
  ↳ app/controllers/api/v1/cards_controller.rb:4:in `index'
Completed 200 OK in 3ms (Views: 2.5ms | ActiveRecord: 0.2ms | Allocations: 1754)


Started GET "/api/v1/cards" for ::1 at 2020-02-10 16:56:38 -0500
Processing by Api::V1::CardsController#index as */*
  [1m[36mCard Load (0.3ms)[0m  [1m[34mSELECT "cards".* FROM "cards"[0m
  ↳ app/controllers/api/v1/cards_controller.rb:4:in `index'
Completed 200 OK in 4ms (Views: 3.4ms | ActiveRecord: 0.3ms | Allocations: 1754)


Started GET "/api/v1/cards" for ::1 at 2020-02-10 16:56:38 -0500
Processing by Api::V1::CardsController#index as */*
  [1m[36mCard Load (0.3ms)[0m  [1m[34mSELECT "cards".* FROM "cards"[0m
  ↳ app/controllers/api/v1/cards_controller.rb:4:in `index'
Completed 200 OK in 4ms (Views: 3.4ms | ActiveRecord: 0.3ms | Allocations: 1754)


Started GET "/api/v1/cards" for ::1 at 2020-02-10 16:56:38 -0500
Processing by Api::V1::CardsController#index as */*
  [1m[36mCard Load (0.2ms)[0m  [1m[34mSELECT "cards".* FROM "cards"[0m
  ↳ app/controllers/api/v1/cards_controller.rb:4:in `index'
Completed 200 OK in 3ms (Views: 2.4ms | ActiveRecord: 0.2ms | Allocations: 1754)


Started GET "/api/v1/cards" for ::1 at 2020-02-10 16:56:39 -0500
Processing by Api::V1::CardsController#index as */*
  [1m[36mCard Load (0.1ms)[0m  [1m[34mSELECT "cards".* FROM "cards"[0m
  ↳ app/controllers/api/v1/cards_controller.rb:4:in `index'
Completed 200 OK in 3ms (Views: 2.2ms | ActiveRecord: 0.1ms | Allocations: 1755)


Started GET "/api/v1/cards" for ::1 at 2020-02-10 16:56:42 -0500
Processing by Api::V1::CardsController#index as */*
  [1m[36mCard Load (0.2ms)[0m  [1m[34mSELECT "cards".* FROM "cards"[0m
  ↳ app/controllers/api/v1/cards_controller.rb:4:in `index'
Completed 200 OK in 4ms (Views: 3.3ms | ActiveRecord: 0.2ms | Allocations: 1754)


Started GET "/api/v1/cards" for ::1 at 2020-02-10 16:56:42 -0500
Processing by Api::V1::CardsController#index as */*
  [1m[36mCard Load (0.2ms)[0m  [1m[34mSELECT "cards".* FROM "cards"[0m
  ↳ app/controllers/api/v1/cards_controller.rb:4:in `index'
Completed 200 OK in 3ms (Views: 3.0ms | ActiveRecord: 0.2ms | Allocations: 1754)


Started GET "/api/v1/cards" for ::1 at 2020-02-10 16:56:42 -0500
Processing by Api::V1::CardsController#index as */*
  [1m[36mCard Load (0.2ms)[0m  [1m[34mSELECT "cards".* FROM "cards"[0m
  ↳ app/controllers/api/v1/cards_controller.rb:4:in `index'
Completed 200 OK in 3ms (Views: 2.5ms | ActiveRecord: 0.2ms | Allocations: 1754)


Started GET "/api/v1/cards" for ::1 at 2020-02-10 16:56:49 -0500
Processing by Api::V1::CardsController#index as */*
  [1m[36mCard Load (0.3ms)[0m  [1m[34mSELECT "cards".* FROM "cards"[0m
  ↳ app/controllers/api/v1/cards_controller.rb:4:in `index'
Completed 200 OK in 4ms (Views: 3.2ms | ActiveRecord: 0.3ms | Allocations: 1754)


Started GET "/api/v1/cards" for ::1 at 2020-02-10 16:56:49 -0500
Processing by Api::V1::CardsController#index as */*
  [1m[36mCard Load (0.2ms)[0m  [1m[34mSELECT "cards".* FROM "cards"[0m
  ↳ app/controllers/api/v1/cards_controller.rb:4:in `index'
Completed 200 OK in 4ms (Views: 3.3ms | ActiveRecord: 0.2ms | Allocations: 1754)


Started GET "/api/v1/cards" for ::1 at 2020-02-10 16:56:50 -0500
Processing by Api::V1::CardsController#index as */*
  [1m[36mCard Load (0.2ms)[0m  [1m[34mSELECT "cards".* FROM "cards"[0m
  ↳ app/controllers/api/v1/cards_controller.rb:4:in `index'
Completed 200 OK in 3ms (Views: 2.7ms | ActiveRecord: 0.2ms | Allocations: 1754)


Started GET "/api/v1/cards" for ::1 at 2020-02-10 16:56:50 -0500
Processing by Api::V1::CardsController#index as */*
  [1m[36mCard Load (0.2ms)[0m  [1m[34mSELECT "cards".* FROM "cards"[0m
  ↳ app/controllers/api/v1/cards_controller.rb:4:in `index'
Completed 200 OK in 3ms (Views: 2.5ms | ActiveRecord: 0.2ms | Allocations: 1754)


Started GET "/api/v1/cards" for ::1 at 2020-02-10 16:56:50 -0500
Processing by Api::V1::CardsController#index as */*
  [1m[36mCard Load (0.2ms)[0m  [1m[34mSELECT "cards".* FROM "cards"[0m
  ↳ app/controllers/api/v1/cards_controller.rb:4:in `index'
Completed 200 OK in 4ms (Views: 3.0ms | ActiveRecord: 0.2ms | Allocations: 1754)


Started GET "/api/v1/cards" for ::1 at 2020-02-10 16:56:50 -0500
Processing by Api::V1::CardsController#index as */*
  [1m[36mCard Load (0.2ms)[0m  [1m[34mSELECT "cards".* FROM "cards"[0m
  ↳ app/controllers/api/v1/cards_controller.rb:4:in `index'
Completed 200 OK in 3ms (Views: 2.7ms | ActiveRecord: 0.2ms | Allocations: 1754)


Started GET "/api/v1/cards" for ::1 at 2020-02-10 16:56:50 -0500
Processing by Api::V1::CardsController#index as */*
  [1m[36mCard Load (0.3ms)[0m  [1m[34mSELECT "cards".* FROM "cards"[0m
  ↳ app/controllers/api/v1/cards_controller.rb:4:in `index'
Completed 200 OK in 4ms (Views: 3.3ms | ActiveRecord: 0.3ms | Allocations: 1754)


Started GET "/api/v1/cards" for ::1 at 2020-02-10 16:56:51 -0500
Processing by Api::V1::CardsController#index as */*
  [1m[36mCard Load (0.2ms)[0m  [1m[34mSELECT "cards".* FROM "cards"[0m
  ↳ app/controllers/api/v1/cards_controller.rb:4:in `index'
Completed 200 OK in 2ms (Views: 2.1ms | ActiveRecord: 0.2ms | Allocations: 1754)


Started GET "/api/v1/cards" for ::1 at 2020-02-10 16:56:51 -0500
Processing by Api::V1::CardsController#index as */*
  [1m[36mCard Load (0.2ms)[0m  [1m[34mSELECT "cards".* FROM "cards"[0m
  ↳ app/controllers/api/v1/cards_controller.rb:4:in `index'
Completed 200 OK in 4ms (Views: 3.1ms | ActiveRecord: 0.2ms | Allocations: 1754)


Started GET "/api/v1/cards" for ::1 at 2020-02-10 16:56:59 -0500
Processing by Api::V1::CardsController#index as */*
  [1m[36mCard Load (0.2ms)[0m  [1m[34mSELECT "cards".* FROM "cards"[0m
  ↳ app/controllers/api/v1/cards_controller.rb:4:in `index'
Completed 200 OK in 4ms (Views: 3.8ms | ActiveRecord: 0.2ms | Allocations: 1754)


Started GET "/api/v1/cards" for ::1 at 2020-02-10 16:56:59 -0500
Processing by Api::V1::CardsController#index as */*
  [1m[36mCard Load (0.3ms)[0m  [1m[34mSELECT "cards".* FROM "cards"[0m
  ↳ app/controllers/api/v1/cards_controller.rb:4:in `index'
Completed 200 OK in 4ms (Views: 3.4ms | ActiveRecord: 0.3ms | Allocations: 1754)


Started GET "/api/v1/cards" for ::1 at 2020-02-10 16:57:59 -0500
Processing by Api::V1::CardsController#index as */*
  [1m[36mCard Load (0.2ms)[0m  [1m[34mSELECT "cards".* FROM "cards"[0m
  ↳ app/controllers/api/v1/cards_controller.rb:4:in `index'
Completed 200 OK in 4ms (Views: 3.6ms | ActiveRecord: 0.2ms | Allocations: 1754)


Started GET "/api/v1/cards" for ::1 at 2020-02-10 16:58:00 -0500
Processing by Api::V1::CardsController#index as */*
  [1m[36mCard Load (0.2ms)[0m  [1m[34mSELECT "cards".* FROM "cards"[0m
  ↳ app/controllers/api/v1/cards_controller.rb:4:in `index'
Completed 200 OK in 3ms (Views: 2.5ms | ActiveRecord: 0.2ms | Allocations: 1754)


Started GET "/api/v1/cards" for ::1 at 2020-02-10 16:58:01 -0500
Processing by Api::V1::CardsController#index as */*
  [1m[36mCard Load (0.2ms)[0m  [1m[34mSELECT "cards".* FROM "cards"[0m
  ↳ app/controllers/api/v1/cards_controller.rb:4:in `index'
Completed 200 OK in 3ms (Views: 3.0ms | ActiveRecord: 0.2ms | Allocations: 1754)


Started GET "/api/v1/cards" for ::1 at 2020-02-10 17:00:27 -0500
Processing by Api::V1::CardsController#index as */*
  [1m[36mCard Load (0.2ms)[0m  [1m[34mSELECT "cards".* FROM "cards"[0m
  ↳ app/controllers/api/v1/cards_controller.rb:4:in `index'
Completed 200 OK in 3ms (Views: 2.7ms | ActiveRecord: 0.2ms | Allocations: 1754)


Started GET "/api/v1/cards" for ::1 at 2020-02-10 17:00:28 -0500
Processing by Api::V1::CardsController#index as */*
  [1m[36mCard Load (0.2ms)[0m  [1m[34mSELECT "cards".* FROM "cards"[0m
  ↳ app/controllers/api/v1/cards_controller.rb:4:in `index'
Completed 200 OK in 4ms (Views: 3.4ms | ActiveRecord: 0.2ms | Allocations: 1754)


Started GET "/api/v1/cards" for ::1 at 2020-02-10 17:01:14 -0500
Processing by Api::V1::CardsController#index as */*
  [1m[36mCard Load (0.2ms)[0m  [1m[34mSELECT "cards".* FROM "cards"[0m
  ↳ app/controllers/api/v1/cards_controller.rb:4:in `index'
Completed 200 OK in 3ms (Views: 2.4ms | ActiveRecord: 0.2ms | Allocations: 1754)


Started GET "/api/v1/cards" for ::1 at 2020-02-10 17:17:35 -0500
  [1m[35m (0.1ms)[0m  [1m[34mSELECT sqlite_version(*)[0m
Processing by Api::V1::CardsController#index as */*
  [1m[36mCard Load (1.1ms)[0m  [1m[34mSELECT "cards".* FROM "cards"[0m
  ↳ app/controllers/api/v1/cards_controller.rb:4:in `index'
Completed 200 OK in 5ms (Views: 3.2ms | ActiveRecord: 1.1ms | Allocations: 1772)


Started GET "/api/v1/cards" for ::1 at 2020-02-10 17:17:59 -0500
Processing by Api::V1::CardsController#index as */*
  [1m[36mCard Load (0.2ms)[0m  [1m[34mSELECT "cards".* FROM "cards"[0m
  ↳ app/controllers/api/v1/cards_controller.rb:4:in `index'
Completed 200 OK in 3ms (Views: 2.7ms | ActiveRecord: 0.2ms | Allocations: 1754)


Started GET "/api/v1/cards" for ::1 at 2020-02-10 17:20:48 -0500
Processing by Api::V1::CardsController#index as */*
  [1m[36mCard Load (0.2ms)[0m  [1m[34mSELECT "cards".* FROM "cards"[0m
  ↳ app/controllers/api/v1/cards_controller.rb:4:in `index'
Completed 200 OK in 3ms (Views: 2.4ms | ActiveRecord: 0.2ms | Allocations: 1754)


Started GET "/api/v1/cards" for ::1 at 2020-02-10 17:23:56 -0500
Processing by Api::V1::CardsController#index as */*
  [1m[36mCard Load (0.3ms)[0m  [1m[34mSELECT "cards".* FROM "cards"[0m
  ↳ app/controllers/api/v1/cards_controller.rb:4:in `index'
Completed 200 OK in 5ms (Views: 4.1ms | ActiveRecord: 0.3ms | Allocations: 1754)


Started GET "/api/v1/cards" for ::1 at 2020-02-10 17:27:21 -0500
Processing by Api::V1::CardsController#index as */*
  [1m[36mCard Load (0.2ms)[0m  [1m[34mSELECT "cards".* FROM "cards"[0m
  ↳ app/controllers/api/v1/cards_controller.rb:4:in `index'
Completed 200 OK in 3ms (Views: 2.6ms | ActiveRecord: 0.2ms | Allocations: 1754)


Started GET "/api/v1/cards" for ::1 at 2020-02-10 17:27:49 -0500
Processing by Api::V1::CardsController#index as */*
  [1m[36mCard Load (0.2ms)[0m  [1m[34mSELECT "cards".* FROM "cards"[0m
  ↳ app/controllers/api/v1/cards_controller.rb:4:in `index'
Completed 200 OK in 13ms (Views: 12.7ms | ActiveRecord: 0.2ms | Allocations: 1757)


Started GET "/api/v1/cards" for ::1 at 2020-02-10 17:28:00 -0500
Processing by Api::V1::CardsController#index as */*
  [1m[36mCard Load (0.2ms)[0m  [1m[34mSELECT "cards".* FROM "cards"[0m
  ↳ app/controllers/api/v1/cards_controller.rb:4:in `index'
Completed 200 OK in 4ms (Views: 3.6ms | ActiveRecord: 0.2ms | Allocations: 1754)


Started GET "/api/v1/cards" for ::1 at 2020-02-10 17:31:36 -0500
Processing by Api::V1::CardsController#index as */*
  [1m[36mCard Load (0.2ms)[0m  [1m[34mSELECT "cards".* FROM "cards"[0m
  ↳ app/controllers/api/v1/cards_controller.rb:4:in `index'
Completed 200 OK in 4ms (Views: 3.2ms | ActiveRecord: 0.2ms | Allocations: 1754)


Started GET "/api/v1/cards" for ::1 at 2020-02-10 17:32:49 -0500
Processing by Api::V1::CardsController#index as */*
  [1m[36mCard Load (0.2ms)[0m  [1m[34mSELECT "cards".* FROM "cards"[0m
  ↳ app/controllers/api/v1/cards_controller.rb:4:in `index'
Completed 200 OK in 4ms (Views: 3.5ms | ActiveRecord: 0.2ms | Allocations: 1754)


Started GET "/api/v1/cards" for ::1 at 2020-02-10 17:32:51 -0500
Processing by Api::V1::CardsController#index as */*
  [1m[36mCard Load (0.3ms)[0m  [1m[34mSELECT "cards".* FROM "cards"[0m
  ↳ app/controllers/api/v1/cards_controller.rb:4:in `index'
Completed 200 OK in 3ms (Views: 3.0ms | ActiveRecord: 0.3ms | Allocations: 1754)


Started GET "/api/v1/cards" for ::1 at 2020-02-10 17:33:34 -0500
Processing by Api::V1::CardsController#index as */*
  [1m[36mCard Load (0.2ms)[0m  [1m[34mSELECT "cards".* FROM "cards"[0m
  ↳ app/controllers/api/v1/cards_controller.rb:4:in `index'
Completed 200 OK in 3ms (Views: 2.9ms | ActiveRecord: 0.2ms | Allocations: 1754)


Started GET "/api/v1/cards" for ::1 at 2020-02-10 17:35:23 -0500
Processing by Api::V1::CardsController#index as */*
  [1m[36mCard Load (0.2ms)[0m  [1m[34mSELECT "cards".* FROM "cards"[0m
  ↳ app/controllers/api/v1/cards_controller.rb:4:in `index'
Completed 200 OK in 3ms (Views: 3.1ms | ActiveRecord: 0.2ms | Allocations: 1754)


Started GET "/api/v1/cards" for ::1 at 2020-02-10 17:35:47 -0500
Processing by Api::V1::CardsController#index as */*
  [1m[36mCard Load (0.2ms)[0m  [1m[34mSELECT "cards".* FROM "cards"[0m
  ↳ app/controllers/api/v1/cards_controller.rb:4:in `index'
Completed 200 OK in 3ms (Views: 2.3ms | ActiveRecord: 0.2ms | Allocations: 1754)


Started GET "/api/v1/cards" for ::1 at 2020-02-10 17:36:00 -0500
Processing by Api::V1::CardsController#index as */*
  [1m[36mCard Load (0.5ms)[0m  [1m[34mSELECT "cards".* FROM "cards"[0m
  ↳ app/controllers/api/v1/cards_controller.rb:4:in `index'
Completed 200 OK in 4ms (Views: 3.5ms | ActiveRecord: 0.5ms | Allocations: 1754)


Started GET "/api/v1/cards" for ::1 at 2020-02-10 17:36:24 -0500
Processing by Api::V1::CardsController#index as */*
  [1m[36mCard Load (0.2ms)[0m  [1m[34mSELECT "cards".* FROM "cards"[0m
  ↳ app/controllers/api/v1/cards_controller.rb:4:in `index'
Completed 200 OK in 4ms (Views: 3.5ms | ActiveRecord: 0.2ms | Allocations: 1754)


Started GET "/api/v1/cards" for ::1 at 2020-02-10 17:36:34 -0500
Processing by Api::V1::CardsController#index as */*
  [1m[36mCard Load (0.2ms)[0m  [1m[34mSELECT "cards".* FROM "cards"[0m
  ↳ app/controllers/api/v1/cards_controller.rb:4:in `index'
Completed 200 OK in 3ms (Views: 2.8ms | ActiveRecord: 0.2ms | Allocations: 1754)


Started GET "/api/v1/cards" for ::1 at 2020-02-10 17:36:35 -0500
Processing by Api::V1::CardsController#index as */*
  [1m[36mCard Load (0.2ms)[0m  [1m[34mSELECT "cards".* FROM "cards"[0m
  ↳ app/controllers/api/v1/cards_controller.rb:4:in `index'
Completed 200 OK in 4ms (Views: 3.3ms | ActiveRecord: 0.2ms | Allocations: 1754)


Started GET "/api/v1/cards" for ::1 at 2020-02-10 17:36:36 -0500
Processing by Api::V1::CardsController#index as */*
  [1m[36mCard Load (0.2ms)[0m  [1m[34mSELECT "cards".* FROM "cards"[0m
  ↳ app/controllers/api/v1/cards_controller.rb:4:in `index'
Completed 200 OK in 4ms (Views: 3.1ms | ActiveRecord: 0.2ms | Allocations: 1754)


Started GET "/api/v1/cards" for ::1 at 2020-02-10 17:36:45 -0500
Processing by Api::V1::CardsController#index as */*
  [1m[36mCard Load (0.2ms)[0m  [1m[34mSELECT "cards".* FROM "cards"[0m
  ↳ app/controllers/api/v1/cards_controller.rb:4:in `index'
Completed 200 OK in 3ms (Views: 2.6ms | ActiveRecord: 0.2ms | Allocations: 1754)


Started GET "/api/v1/cards" for ::1 at 2020-02-10 17:36:46 -0500
Processing by Api::V1::CardsController#index as */*
  [1m[36mCard Load (0.2ms)[0m  [1m[34mSELECT "cards".* FROM "cards"[0m
  ↳ app/controllers/api/v1/cards_controller.rb:4:in `index'
Completed 200 OK in 4ms (Views: 3.2ms | ActiveRecord: 0.2ms | Allocations: 1754)


Started GET "/api/v1/cards" for ::1 at 2020-02-10 17:37:02 -0500
Processing by Api::V1::CardsController#index as */*
  [1m[36mCard Load (0.2ms)[0m  [1m[34mSELECT "cards".* FROM "cards"[0m
  ↳ app/controllers/api/v1/cards_controller.rb:4:in `index'
Completed 200 OK in 4ms (Views: 3.0ms | ActiveRecord: 0.2ms | Allocations: 1754)


Started GET "/api/v1/cards" for ::1 at 2020-02-10 17:38:45 -0500
Processing by Api::V1::CardsController#index as */*
  [1m[36mCard Load (0.1ms)[0m  [1m[34mSELECT "cards".* FROM "cards"[0m
  ↳ app/controllers/api/v1/cards_controller.rb:4:in `index'
Completed 200 OK in 2ms (Views: 1.8ms | ActiveRecord: 0.1ms | Allocations: 1754)


Started GET "/api/v1/cards" for ::1 at 2020-02-10 17:39:07 -0500
Processing by Api::V1::CardsController#index as */*
  [1m[36mCard Load (0.2ms)[0m  [1m[34mSELECT "cards".* FROM "cards"[0m
  ↳ app/controllers/api/v1/cards_controller.rb:4:in `index'
Completed 200 OK in 3ms (Views: 2.9ms | ActiveRecord: 0.2ms | Allocations: 1754)


Started GET "/api/v1/cards" for ::1 at 2020-02-10 17:39:34 -0500
Processing by Api::V1::CardsController#index as */*
  [1m[36mCard Load (0.2ms)[0m  [1m[34mSELECT "cards".* FROM "cards"[0m
  ↳ app/controllers/api/v1/cards_controller.rb:4:in `index'
Completed 200 OK in 3ms (Views: 2.9ms | ActiveRecord: 0.2ms | Allocations: 1754)


Started GET "/api/v1/cards" for ::1 at 2020-02-10 17:39:35 -0500
Processing by Api::V1::CardsController#index as */*
  [1m[36mCard Load (0.2ms)[0m  [1m[34mSELECT "cards".* FROM "cards"[0m
  ↳ app/controllers/api/v1/cards_controller.rb:4:in `index'
Completed 200 OK in 3ms (Views: 2.7ms | ActiveRecord: 0.2ms | Allocations: 1754)


Started GET "/api/v1/cards" for ::1 at 2020-02-10 17:39:53 -0500
Processing by Api::V1::CardsController#index as */*
  [1m[36mCard Load (0.3ms)[0m  [1m[34mSELECT "cards".* FROM "cards"[0m
  ↳ app/controllers/api/v1/cards_controller.rb:4:in `index'
Completed 200 OK in 4ms (Views: 3.2ms | ActiveRecord: 0.3ms | Allocations: 1754)


Started GET "/api/v1/cards" for ::1 at 2020-02-10 17:40:51 -0500
Processing by Api::V1::CardsController#index as */*
  [1m[36mCard Load (0.1ms)[0m  [1m[34mSELECT "cards".* FROM "cards"[0m
  ↳ app/controllers/api/v1/cards_controller.rb:4:in `index'
Completed 200 OK in 2ms (Views: 2.0ms | ActiveRecord: 0.1ms | Allocations: 1754)


Started GET "/api/v1/cards" for ::1 at 2020-02-10 17:41:19 -0500
Processing by Api::V1::CardsController#index as */*
  [1m[36mCard Load (0.2ms)[0m  [1m[34mSELECT "cards".* FROM "cards"[0m
  ↳ app/controllers/api/v1/cards_controller.rb:4:in `index'
Completed 200 OK in 3ms (Views: 3.1ms | ActiveRecord: 0.2ms | Allocations: 1754)


Started GET "/api/v1/cards" for ::1 at 2020-02-10 17:41:58 -0500
Processing by Api::V1::CardsController#index as */*
  [1m[36mCard Load (0.1ms)[0m  [1m[34mSELECT "cards".* FROM "cards"[0m
  ↳ app/controllers/api/v1/cards_controller.rb:4:in `index'
Completed 200 OK in 2ms (Views: 2.0ms | ActiveRecord: 0.1ms | Allocations: 1754)


Started GET "/api/v1/cards" for ::1 at 2020-02-10 17:41:59 -0500
Processing by Api::V1::CardsController#index as */*
  [1m[36mCard Load (0.3ms)[0m  [1m[34mSELECT "cards".* FROM "cards"[0m
  ↳ app/controllers/api/v1/cards_controller.rb:4:in `index'
Completed 200 OK in 4ms (Views: 2.9ms | ActiveRecord: 0.3ms | Allocations: 1754)


Started GET "/api/v1/cards" for ::1 at 2020-02-10 17:42:13 -0500
Processing by Api::V1::CardsController#index as */*
  [1m[36mCard Load (0.2ms)[0m  [1m[34mSELECT "cards".* FROM "cards"[0m
  ↳ app/controllers/api/v1/cards_controller.rb:4:in `index'
Completed 200 OK in 4ms (Views: 3.6ms | ActiveRecord: 0.2ms | Allocations: 1754)


Started GET "/api/v1/cards" for ::1 at 2020-02-10 17:42:14 -0500
Processing by Api::V1::CardsController#index as */*
  [1m[36mCard Load (0.2ms)[0m  [1m[34mSELECT "cards".* FROM "cards"[0m
  ↳ app/controllers/api/v1/cards_controller.rb:4:in `index'
Completed 200 OK in 3ms (Views: 2.3ms | ActiveRecord: 0.2ms | Allocations: 1754)


Started GET "/api/v1/cards" for ::1 at 2020-02-10 17:42:24 -0500
Processing by Api::V1::CardsController#index as */*
  [1m[36mCard Load (0.2ms)[0m  [1m[34mSELECT "cards".* FROM "cards"[0m
  ↳ app/controllers/api/v1/cards_controller.rb:4:in `index'
Completed 200 OK in 12ms (Views: 11.8ms | ActiveRecord: 0.2ms | Allocations: 1757)


Started GET "/api/v1/cards" for ::1 at 2020-02-10 17:42:34 -0500
Processing by Api::V1::CardsController#index as */*
  [1m[36mCard Load (0.2ms)[0m  [1m[34mSELECT "cards".* FROM "cards"[0m
  ↳ app/controllers/api/v1/cards_controller.rb:4:in `index'
Completed 200 OK in 4ms (Views: 3.3ms | ActiveRecord: 0.2ms | Allocations: 1754)


Started GET "/api/v1/cards" for ::1 at 2020-02-10 17:42:51 -0500
Processing by Api::V1::CardsController#index as */*
  [1m[36mCard Load (0.2ms)[0m  [1m[34mSELECT "cards".* FROM "cards"[0m
  ↳ app/controllers/api/v1/cards_controller.rb:4:in `index'
Completed 200 OK in 3ms (Views: 2.2ms | ActiveRecord: 0.2ms | Allocations: 1754)


Started GET "/api/v1/cards" for ::1 at 2020-02-10 17:43:02 -0500
Processing by Api::V1::CardsController#index as */*
  [1m[36mCard Load (0.1ms)[0m  [1m[34mSELECT "cards".* FROM "cards"[0m
  ↳ app/controllers/api/v1/cards_controller.rb:4:in `index'
Completed 200 OK in 3ms (Views: 3.0ms | ActiveRecord: 0.1ms | Allocations: 1754)


Started GET "/api/v1/cards" for ::1 at 2020-02-10 17:43:43 -0500
Processing by Api::V1::CardsController#index as */*
  [1m[36mCard Load (0.2ms)[0m  [1m[34mSELECT "cards".* FROM "cards"[0m
  ↳ app/controllers/api/v1/cards_controller.rb:4:in `index'
Completed 200 OK in 3ms (Views: 2.5ms | ActiveRecord: 0.2ms | Allocations: 1754)


Started GET "/api/v1/cards" for ::1 at 2020-02-10 17:43:53 -0500
Processing by Api::V1::CardsController#index as */*
  [1m[36mCard Load (0.2ms)[0m  [1m[34mSELECT "cards".* FROM "cards"[0m
  ↳ app/controllers/api/v1/cards_controller.rb:4:in `index'
Completed 200 OK in 2ms (Views: 2.1ms | ActiveRecord: 0.2ms | Allocations: 1754)


Started GET "/api/v1/cards" for ::1 at 2020-02-10 17:44:02 -0500
Processing by Api::V1::CardsController#index as */*
  [1m[36mCard Load (0.2ms)[0m  [1m[34mSELECT "cards".* FROM "cards"[0m
  ↳ app/controllers/api/v1/cards_controller.rb:4:in `index'
Completed 200 OK in 4ms (Views: 3.6ms | ActiveRecord: 0.2ms | Allocations: 1754)


Started GET "/api/v1/cards" for ::1 at 2020-02-10 17:46:15 -0500
Processing by Api::V1::CardsController#index as */*
  [1m[36mCard Load (0.2ms)[0m  [1m[34mSELECT "cards".* FROM "cards"[0m
  ↳ app/controllers/api/v1/cards_controller.rb:4:in `index'
Completed 200 OK in 3ms (Views: 2.8ms | ActiveRecord: 0.2ms | Allocations: 1754)


Started GET "/api/v1/cards" for ::1 at 2020-02-10 17:46:33 -0500
Processing by Api::V1::CardsController#index as */*
  [1m[36mCard Load (0.4ms)[0m  [1m[34mSELECT "cards".* FROM "cards"[0m
  ↳ app/controllers/api/v1/cards_controller.rb:4:in `index'
Completed 200 OK in 4ms (Views: 2.8ms | ActiveRecord: 0.4ms | Allocations: 1754)


Started GET "/api/v1/cards" for ::1 at 2020-02-10 17:47:51 -0500
Processing by Api::V1::CardsController#index as */*
  [1m[36mCard Load (0.2ms)[0m  [1m[34mSELECT "cards".* FROM "cards"[0m
  ↳ app/controllers/api/v1/cards_controller.rb:4:in `index'
Completed 200 OK in 3ms (Views: 3.0ms | ActiveRecord: 0.2ms | Allocations: 1754)


Started GET "/api/v1/cards" for ::1 at 2020-02-10 17:48:24 -0500
Processing by Api::V1::CardsController#index as */*
  [1m[36mCard Load (0.4ms)[0m  [1m[34mSELECT "cards".* FROM "cards"[0m
  ↳ app/controllers/api/v1/cards_controller.rb:4:in `index'
Completed 200 OK in 4ms (Views: 3.3ms | ActiveRecord: 0.4ms | Allocations: 1754)


Started GET "/api/v1/cards" for ::1 at 2020-02-10 17:48:35 -0500
Processing by Api::V1::CardsController#index as */*
  [1m[36mCard Load (0.2ms)[0m  [1m[34mSELECT "cards".* FROM "cards"[0m
  ↳ app/controllers/api/v1/cards_controller.rb:4:in `index'
Completed 200 OK in 3ms (Views: 2.5ms | ActiveRecord: 0.2ms | Allocations: 1754)


Started GET "/api/v1/cards" for ::1 at 2020-02-10 17:48:44 -0500
Processing by Api::V1::CardsController#index as */*
  [1m[36mCard Load (0.5ms)[0m  [1m[34mSELECT "cards".* FROM "cards"[0m
  ↳ app/controllers/api/v1/cards_controller.rb:4:in `index'
Completed 200 OK in 4ms (Views: 3.2ms | ActiveRecord: 0.5ms | Allocations: 1754)


Started GET "/api/v1/cards" for ::1 at 2020-02-10 17:49:07 -0500
Processing by Api::V1::CardsController#index as */*
  [1m[36mCard Load (0.2ms)[0m  [1m[34mSELECT "cards".* FROM "cards"[0m
  ↳ app/controllers/api/v1/cards_controller.rb:4:in `index'
Completed 200 OK in 3ms (Views: 2.3ms | ActiveRecord: 0.2ms | Allocations: 1754)


Started GET "/api/v1/cards" for ::1 at 2020-02-10 17:49:18 -0500
Processing by Api::V1::CardsController#index as */*
  [1m[36mCard Load (0.2ms)[0m  [1m[34mSELECT "cards".* FROM "cards"[0m
  ↳ app/controllers/api/v1/cards_controller.rb:4:in `index'
Completed 200 OK in 2ms (Views: 1.9ms | ActiveRecord: 0.2ms | Allocations: 1754)


Started GET "/api/v1/cards" for ::1 at 2020-02-10 17:49:29 -0500
Processing by Api::V1::CardsController#index as */*
  [1m[36mCard Load (0.3ms)[0m  [1m[34mSELECT "cards".* FROM "cards"[0m
  ↳ app/controllers/api/v1/cards_controller.rb:4:in `index'
Completed 200 OK in 4ms (Views: 3.4ms | ActiveRecord: 0.3ms | Allocations: 1754)


Started GET "/api/v1/cards" for ::1 at 2020-02-10 17:50:27 -0500
Processing by Api::V1::CardsController#index as */*
  [1m[36mCard Load (0.2ms)[0m  [1m[34mSELECT "cards".* FROM "cards"[0m
  ↳ app/controllers/api/v1/cards_controller.rb:4:in `index'
Completed 200 OK in 3ms (Views: 2.7ms | ActiveRecord: 0.2ms | Allocations: 1754)


Started GET "/api/v1/cards" for ::1 at 2020-02-10 17:50:28 -0500
Processing by Api::V1::CardsController#index as */*
  [1m[36mCard Load (0.2ms)[0m  [1m[34mSELECT "cards".* FROM "cards"[0m
  ↳ app/controllers/api/v1/cards_controller.rb:4:in `index'
Completed 200 OK in 3ms (Views: 3.0ms | ActiveRecord: 0.2ms | Allocations: 1754)


Started GET "/api/v1/cards" for ::1 at 2020-02-10 17:50:47 -0500
Processing by Api::V1::CardsController#index as */*
  [1m[36mCard Load (0.2ms)[0m  [1m[34mSELECT "cards".* FROM "cards"[0m
  ↳ app/controllers/api/v1/cards_controller.rb:4:in `index'
Completed 200 OK in 3ms (Views: 2.5ms | ActiveRecord: 0.2ms | Allocations: 1754)


Started GET "/api/v1/cards" for ::1 at 2020-02-10 17:51:44 -0500
Processing by Api::V1::CardsController#index as */*
  [1m[36mCard Load (0.2ms)[0m  [1m[34mSELECT "cards".* FROM "cards"[0m
  ↳ app/controllers/api/v1/cards_controller.rb:4:in `index'
Completed 200 OK in 3ms (Views: 2.8ms | ActiveRecord: 0.2ms | Allocations: 1754)


Started GET "/api/v1/cards" for ::1 at 2020-02-10 17:56:20 -0500
Processing by Api::V1::CardsController#index as */*
  [1m[36mCard Load (0.3ms)[0m  [1m[34mSELECT "cards".* FROM "cards"[0m
  ↳ app/controllers/api/v1/cards_controller.rb:4:in `index'
Completed 200 OK in 5ms (Views: 4.6ms | ActiveRecord: 0.3ms | Allocations: 1754)


Started GET "/api/v1/cards" for ::1 at 2020-02-10 18:01:25 -0500
Processing by Api::V1::CardsController#index as */*
  [1m[36mCard Load (0.2ms)[0m  [1m[34mSELECT "cards".* FROM "cards"[0m
  ↳ app/controllers/api/v1/cards_controller.rb:4:in `index'
Completed 200 OK in 3ms (Views: 3.0ms | ActiveRecord: 0.2ms | Allocations: 1754)


Started GET "/api/v1/cards" for ::1 at 2020-02-10 18:02:52 -0500
Processing by Api::V1::CardsController#index as */*
  [1m[36mCard Load (0.2ms)[0m  [1m[34mSELECT "cards".* FROM "cards"[0m
  ↳ app/controllers/api/v1/cards_controller.rb:4:in `index'
Completed 200 OK in 3ms (Views: 2.7ms | ActiveRecord: 0.2ms | Allocations: 1754)


Started GET "/api/v1/cards" for ::1 at 2020-02-10 18:02:57 -0500
Processing by Api::V1::CardsController#index as */*
  [1m[36mCard Load (0.1ms)[0m  [1m[34mSELECT "cards".* FROM "cards"[0m
  ↳ app/controllers/api/v1/cards_controller.rb:4:in `index'
Completed 200 OK in 3ms (Views: 2.4ms | ActiveRecord: 0.1ms | Allocations: 1754)


Started GET "/api/v1/cards" for ::1 at 2020-02-10 18:03:00 -0500
Processing by Api::V1::CardsController#index as */*
  [1m[36mCard Load (0.2ms)[0m  [1m[34mSELECT "cards".* FROM "cards"[0m
  ↳ app/controllers/api/v1/cards_controller.rb:4:in `index'
Completed 200 OK in 4ms (Views: 2.9ms | ActiveRecord: 0.2ms | Allocations: 1754)


Started GET "/api/v1/cards" for ::1 at 2020-02-10 18:03:01 -0500
Processing by Api::V1::CardsController#index as */*
  [1m[36mCard Load (0.2ms)[0m  [1m[34mSELECT "cards".* FROM "cards"[0m
  ↳ app/controllers/api/v1/cards_controller.rb:4:in `index'
Completed 200 OK in 4ms (Views: 3.1ms | ActiveRecord: 0.2ms | Allocations: 1754)


